{"C:\\Users\\S4422\\code\\vuejs\\vite-project\\src\\reactivity\\baseHandlers.js": {"path":"C:\\Users\\S4422\\code\\vuejs\\vite-project\\src\\reactivity\\baseHandlers.js","statementMap":{"0":{"start":{"line":6,"column":12},"end":{"line":6,"column":26}},"1":{"start":{"line":7,"column":12},"end":{"line":7,"column":26}},"2":{"start":{"line":10,"column":2},"end":{"line":20,"column":3}},"3":{"start":{"line":11,"column":16},"end":{"line":11,"column":50}},"4":{"start":{"line":12,"column":4},"end":{"line":12,"column":29}},"5":{"start":{"line":13,"column":4},"end":{"line":18,"column":5}},"6":{"start":{"line":17,"column":6},"end":{"line":17,"column":42}},"7":{"start":{"line":19,"column":4},"end":{"line":19,"column":14}},"8":{"start":{"line":24,"column":2},"end":{"line":29,"column":3}},"9":{"start":{"line":25,"column":19},"end":{"line":25,"column":60}},"10":{"start":{"line":27,"column":4},"end":{"line":27,"column":31}},"11":{"start":{"line":28,"column":4},"end":{"line":28,"column":17}},"12":{"start":{"line":31,"column":30},"end":{"line":34,"column":1}}},"fnMap":{"0":{"name":"createGetter","decl":{"start":{"line":9,"column":9},"end":{"line":9,"column":21}},"loc":{"start":{"line":9,"column":39},"end":{"line":21,"column":1}},"line":9},"1":{"name":"get","decl":{"start":{"line":10,"column":18},"end":{"line":10,"column":21}},"loc":{"start":{"line":10,"column":45},"end":{"line":20,"column":3}},"line":10},"2":{"name":"createSetter","decl":{"start":{"line":23,"column":9},"end":{"line":23,"column":21}},"loc":{"start":{"line":23,"column":24},"end":{"line":30,"column":1}},"line":23},"3":{"name":"set","decl":{"start":{"line":24,"column":18},"end":{"line":24,"column":21}},"loc":{"start":{"line":24,"column":52},"end":{"line":29,"column":3}},"line":24}},"branchMap":{"0":{"loc":{"start":{"line":9,"column":22},"end":{"line":9,"column":37}},"type":"default-arg","locations":[{"start":{"line":9,"column":32},"end":{"line":9,"column":37}}],"line":9},"1":{"loc":{"start":{"line":13,"column":4},"end":{"line":18,"column":5}},"type":"if","locations":[{"start":{"line":13,"column":4},"end":{"line":18,"column":5}},{"start":{},"end":{}}],"line":13},"2":{"loc":{"start":{"line":17,"column":13},"end":{"line":17,"column":42}},"type":"cond-expr","locations":[{"start":{"line":17,"column":23},"end":{"line":17,"column":26}},{"start":{"line":17,"column":29},"end":{"line":17,"column":42}}],"line":17}},"s":{"0":1,"1":1,"2":1,"3":4,"4":4,"5":4,"6":0,"7":4,"8":1,"9":2,"10":2,"11":2,"12":1},"f":{"0":1,"1":4,"2":1,"3":2},"b":{"0":[1],"1":[0,4],"2":[0,0]},"_coverageSchema":"1a1c01bbd47fc00a2c39e90264f33305004495a9","hash":"c349f558e7a0e7a1596a383bf38076578e964258"}
,"C:\\Users\\S4422\\code\\vuejs\\vite-project\\src\\reactivity\\effect.js": {"path":"C:\\Users\\S4422\\code\\vuejs\\vite-project\\src\\reactivity\\effect.js","statementMap":{"0":{"start":{"line":2,"column":18},"end":{"line":2,"column":31}},"1":{"start":{"line":3,"column":19},"end":{"line":3,"column":23}},"2":{"start":{"line":8,"column":2},"end":{"line":8,"column":70}},"3":{"start":{"line":17,"column":16},"end":{"line":17,"column":37}},"4":{"start":{"line":18,"column":2},"end":{"line":24,"column":3}},"5":{"start":{"line":23,"column":4},"end":{"line":23,"column":48}},"6":{"start":{"line":25,"column":13},"end":{"line":25,"column":29}},"7":{"start":{"line":26,"column":2},"end":{"line":28,"column":3}},"8":{"start":{"line":27,"column":4},"end":{"line":27,"column":20}},"9":{"start":{"line":29,"column":2},"end":{"line":32,"column":3}},"10":{"start":{"line":31,"column":4},"end":{"line":31,"column":26}},"11":{"start":{"line":33,"column":2},"end":{"line":33,"column":24}},"12":{"start":{"line":40,"column":2},"end":{"line":40,"column":63}},"13":{"start":{"line":42,"column":18},"end":{"line":42,"column":39}},"14":{"start":{"line":43,"column":2},"end":{"line":46,"column":3}},"15":{"start":{"line":45,"column":4},"end":{"line":45,"column":10}},"16":{"start":{"line":47,"column":15},"end":{"line":47,"column":31}},"17":{"start":{"line":48,"column":2},"end":{"line":50,"column":3}},"18":{"start":{"line":49,"column":4},"end":{"line":49,"column":10}},"19":{"start":{"line":51,"column":2},"end":{"line":58,"column":4}},"20":{"start":{"line":53,"column":4},"end":{"line":57,"column":5}},"21":{"start":{"line":54,"column":6},"end":{"line":54,"column":26}},"22":{"start":{"line":56,"column":6},"end":{"line":56,"column":16}},"23":{"start":{"line":67,"column":19},"end":{"line":75,"column":3}},"24":{"start":{"line":68,"column":4},"end":{"line":74,"column":5}},"25":{"start":{"line":69,"column":6},"end":{"line":69,"column":29}},"26":{"start":{"line":71,"column":6},"end":{"line":71,"column":17}},"27":{"start":{"line":73,"column":6},"end":{"line":73,"column":25}},"28":{"start":{"line":76,"column":2},"end":{"line":79,"column":3}},"29":{"start":{"line":78,"column":4},"end":{"line":78,"column":14}},"30":{"start":{"line":80,"column":2},"end":{"line":80,"column":40}},"31":{"start":{"line":81,"column":2},"end":{"line":81,"column":17}}},"fnMap":{"0":{"name":"track","decl":{"start":{"line":6,"column":16},"end":{"line":6,"column":21}},"loc":{"start":{"line":6,"column":41},"end":{"line":34,"column":1}},"line":6},"1":{"name":"trigger","decl":{"start":{"line":39,"column":16},"end":{"line":39,"column":23}},"loc":{"start":{"line":39,"column":43},"end":{"line":60,"column":1}},"line":39},"2":{"name":"(anonymous_2)","decl":{"start":{"line":51,"column":15},"end":{"line":51,"column":16}},"loc":{"start":{"line":51,"column":29},"end":{"line":58,"column":3}},"line":51},"3":{"name":"effect","decl":{"start":{"line":65,"column":16},"end":{"line":65,"column":22}},"loc":{"start":{"line":65,"column":41},"end":{"line":83,"column":1}},"line":65},"4":{"name":"(anonymous_4)","decl":{"start":{"line":67,"column":19},"end":{"line":67,"column":20}},"loc":{"start":{"line":67,"column":25},"end":{"line":75,"column":3}},"line":67}},"branchMap":{"0":{"loc":{"start":{"line":18,"column":2},"end":{"line":24,"column":3}},"type":"if","locations":[{"start":{"line":18,"column":2},"end":{"line":24,"column":3}},{"start":{},"end":{}}],"line":18},"1":{"loc":{"start":{"line":26,"column":2},"end":{"line":28,"column":3}},"type":"if","locations":[{"start":{"line":26,"column":2},"end":{"line":28,"column":3}},{"start":{},"end":{}}],"line":26},"2":{"loc":{"start":{"line":29,"column":2},"end":{"line":32,"column":3}},"type":"if","locations":[{"start":{"line":29,"column":2},"end":{"line":32,"column":3}},{"start":{},"end":{}}],"line":29},"3":{"loc":{"start":{"line":29,"column":6},"end":{"line":29,"column":45}},"type":"binary-expr","locations":[{"start":{"line":29,"column":6},"end":{"line":29,"column":29}},{"start":{"line":29,"column":33},"end":{"line":29,"column":45}}],"line":29},"4":{"loc":{"start":{"line":43,"column":2},"end":{"line":46,"column":3}},"type":"if","locations":[{"start":{"line":43,"column":2},"end":{"line":46,"column":3}},{"start":{},"end":{}}],"line":43},"5":{"loc":{"start":{"line":48,"column":2},"end":{"line":50,"column":3}},"type":"if","locations":[{"start":{"line":48,"column":2},"end":{"line":50,"column":3}},{"start":{},"end":{}}],"line":48},"6":{"loc":{"start":{"line":53,"column":4},"end":{"line":57,"column":5}},"type":"if","locations":[{"start":{"line":53,"column":4},"end":{"line":57,"column":5}},{"start":{"line":55,"column":11},"end":{"line":57,"column":5}}],"line":53},"7":{"loc":{"start":{"line":65,"column":27},"end":{"line":65,"column":39}},"type":"default-arg","locations":[{"start":{"line":65,"column":37},"end":{"line":65,"column":39}}],"line":65},"8":{"loc":{"start":{"line":76,"column":2},"end":{"line":79,"column":3}},"type":"if","locations":[{"start":{"line":76,"column":2},"end":{"line":79,"column":3}},{"start":{},"end":{}}],"line":76}},"s":{"0":1,"1":1,"2":4,"3":4,"4":4,"5":1,"6":4,"7":4,"8":1,"9":4,"10":1,"11":4,"12":2,"13":2,"14":2,"15":0,"16":2,"17":2,"18":0,"19":2,"20":2,"21":0,"22":2,"23":1,"24":3,"25":3,"26":3,"27":3,"28":1,"29":1,"30":1,"31":1},"f":{"0":4,"1":2,"2":2,"3":1,"4":3},"b":{"0":[1,3],"1":[1,3],"2":[1,3],"3":[4,2],"4":[0,2],"5":[0,2],"6":[0,2],"7":[1],"8":[1,0]},"_coverageSchema":"1a1c01bbd47fc00a2c39e90264f33305004495a9","hash":"21816279c35c9552ce4d9c7de58a1e5385051a3b"}
,"C:\\Users\\S4422\\code\\vuejs\\vite-project\\src\\reactivity\\reactive.js": {"path":"C:\\Users\\S4422\\code\\vuejs\\vite-project\\src\\reactivity\\reactive.js","statementMap":{"0":{"start":{"line":5,"column":2},"end":{"line":8,"column":3}},"1":{"start":{"line":6,"column":4},"end":{"line":6,"column":48}},"2":{"start":{"line":7,"column":4},"end":{"line":7,"column":17}},"3":{"start":{"line":10,"column":2},"end":{"line":10,"column":43}}},"fnMap":{"0":{"name":"reactive","decl":{"start":{"line":4,"column":16},"end":{"line":4,"column":24}},"loc":{"start":{"line":4,"column":33},"end":{"line":11,"column":1}},"line":4}},"branchMap":{"0":{"loc":{"start":{"line":5,"column":2},"end":{"line":8,"column":3}},"type":"if","locations":[{"start":{"line":5,"column":2},"end":{"line":8,"column":3}},{"start":{},"end":{}}],"line":5}},"s":{"0":1,"1":0,"2":0,"3":1},"f":{"0":1},"b":{"0":[0,1]},"_coverageSchema":"1a1c01bbd47fc00a2c39e90264f33305004495a9","hash":"5663d1bfdaca1ed36ee8c72dceb54149b4ca007b"}
,"C:\\Users\\S4422\\code\\vuejs\\vite-project\\src\\shared\\index.js": {"path":"C:\\Users\\S4422\\code\\vuejs\\vite-project\\src\\shared\\index.js","statementMap":{"0":{"start":{"line":3,"column":2},"end":{"line":3,"column":48}},"1":{"start":{"line":7,"column":2},"end":{"line":7,"column":56}},"2":{"start":{"line":12,"column":2},"end":{"line":12,"column":29}},"3":{"start":{"line":15,"column":26},"end":{"line":23,"column":1}}},"fnMap":{"0":{"name":"isObject","decl":{"start":{"line":2,"column":16},"end":{"line":2,"column":24}},"loc":{"start":{"line":2,"column":29},"end":{"line":4,"column":1}},"line":2},"1":{"name":"hasOwn","decl":{"start":{"line":6,"column":16},"end":{"line":6,"column":22}},"loc":{"start":{"line":6,"column":33},"end":{"line":8,"column":1}},"line":6},"2":{"name":"isOn","decl":{"start":{"line":11,"column":16},"end":{"line":11,"column":20}},"loc":{"start":{"line":11,"column":25},"end":{"line":13,"column":1}},"line":11}},"branchMap":{"0":{"loc":{"start":{"line":3,"column":9},"end":{"line":3,"column":48}},"type":"binary-expr","locations":[{"start":{"line":3,"column":9},"end":{"line":3,"column":32}},{"start":{"line":3,"column":36},"end":{"line":3,"column":48}}],"line":3}},"s":{"0":4,"1":0,"2":0,"3":1},"f":{"0":4,"1":0,"2":0},"b":{"0":[4,0]},"_coverageSchema":"1a1c01bbd47fc00a2c39e90264f33305004495a9","hash":"9a14790c27e176627edf4787588d7a373dfd246b"}
}
